Streaming transaction logs mentioning 2sAka7jCkP71LbKk1MpELxFpjSHjScQk1aStrDt4Pnnf. Confirmed commitment
Transaction executed in slot 22:
  Signature: m6CFWvCQzNAkkSpUu1L12rd2wE8yzJgWdk5ucM6yZhy156gPyxRx4bDZhDutKxk7Wr5KET7JkB8ZVKjrESPSbjU
  Status: Error processing Instruction 0: custom program error: 0x1776
  Log Messages:
    Program 2sAka7jCkP71LbKk1MpELxFpjSHjScQk1aStrDt4Pnnf invoke [1]
    Program log: Instruction: Initialize
    Program 11111111111111111111111111111111 invoke [2]
    Program 11111111111111111111111111111111 success
    Program log: AnchorError thrown in programs/token-burn-bridge/src/lib.rs:74. Error Code: TooManyReceivers. Error Number: 6006. Error Message: Too many EVM receivers. Maximum is 10..
    Program 2sAka7jCkP71LbKk1MpELxFpjSHjScQk1aStrDt4Pnnf consumed 9495 of 200000 compute units
    Program 2sAka7jCkP71LbKk1MpELxFpjSHjScQk1aStrDt4Pnnf failed: custom program error: 0x1776
Transaction executed in slot 23:
  Signature: 4UNx2pFM83Ptb16aYAT1NPEEwHxKTixRwDFFF6L6qNtjdZYwZkkLrDZ1z2pVn4fecesbKFhHYgJv4euzUJd7FPPe
  Status: Ok
  Log Messages:
    Program 2sAka7jCkP71LbKk1MpELxFpjSHjScQk1aStrDt4Pnnf invoke [1]
    Program log: Instruction: Initialize
    Program 11111111111111111111111111111111 invoke [2]
    Program 11111111111111111111111111111111 success
    Program log: TokenForge BurnBridge initialized. Mint: GR9eDp8HqXbehKCA1FUNumzcqoadMCphWCt61PKpWNjW
    Program 2sAka7jCkP71LbKk1MpELxFpjSHjScQk1aStrDt4Pnnf consumed 19597 of 200000 compute units
    Program 2sAka7jCkP71LbKk1MpELxFpjSHjScQk1aStrDt4Pnnf success
Transaction executed in slot 24:
  Signature: yDSoP34i1AAPcTPA21ypP3tZwwnpDVuJJ9XHWSRhFLrzwQ7PSFmKPhcYhRAGwX6ip5fNC6bzXHW3SpWSV1bXsWd
  Status: Ok
  Log Messages:
    Program 2sAka7jCkP71LbKk1MpELxFpjSHjScQk1aStrDt4Pnnf invoke [1]
    Program log: Instruction: BurnAndBridge
    Program 11111111111111111111111111111111 invoke [2]
    Program 11111111111111111111111111111111 success
    Program TokenkegQfeZyiNwAJbNbGKPFXCWuBvf9Ss623VQ5DA invoke [2]
    Program log: Instruction: Burn
    Program TokenkegQfeZyiNwAJbNbGKPFXCWuBvf9Ss623VQ5DA consumed 4707 of 187131 compute units
    Program TokenkegQfeZyiNwAJbNbGKPFXCWuBvf9Ss623VQ5DA success
    Program data: H4SNbQYvmlQAAAAAAAAAAOUPA7optY/qOYECqSkhJ7dlu38qxGR8EC5AxQo/HO/NgQNPEw8jl6oP17/rB1GBqvvMGkOJDVzEO3Nq039VQTjerb7v3q2+796tvu/erb7v3q2+7wDodkgXAAAAAgBHytqe0YLcHwW07+qamQFMx0PRLo7s5ggY9mSkwDErTQE=
    Program log: Burned 100000000000 tokens. Wormhole message #0 → chain 2. Recipient: [222, 173, 190, 239, 222, 173, 190, 239, 222, 173, 190, 239, 222, 173, 190, 239, 222, 173, 190, 239]
    Program 2sAka7jCkP71LbKk1MpELxFpjSHjScQk1aStrDt4Pnnf consumed 25265 of 200000 compute units
    Program 2sAka7jCkP71LbKk1MpELxFpjSHjScQk1aStrDt4Pnnf success
Transaction executed in slot 25:
  Signature: 4ARSE4p9NoqWvEYK1wwtTawn5qypqRfLyCg1aeY9SHdStkus6fyXeSNqDZWpf97rnAC76td2BH2QxE4qQU7rjyoV
  Status: Ok
  Log Messages:
    Program 2sAka7jCkP71LbKk1MpELxFpjSHjScQk1aStrDt4Pnnf invoke [1]
    Program log: Instruction: BurnAndBridge
    Program TokenkegQfeZyiNwAJbNbGKPFXCWuBvf9Ss623VQ5DA invoke [2]
    Program log: Instruction: Burn
    Program TokenkegQfeZyiNwAJbNbGKPFXCWuBvf9Ss623VQ5DA consumed 4707 of 189955 compute units
    Program TokenkegQfeZyiNwAJbNbGKPFXCWuBvf9Ss623VQ5DA success
    Program data: H4SNbQYvmlQBAAAAAAAAAOUPA7optY/qOYECqSkhJ7dlu38qxGR8EC5AxQo/HO/NgQNPEw8jl6oP17/rB1GBqvvMGkOJDVzEO3Nq039VQTjerb7v3q2+796tvu/erb7v3q2+7wCIUmp0AAAABQCqdOTuSmUlX6Ha0fl/fXVDw8a64yD0negTSuwFWNc/wgE=
    Program log: Burned 500000000000 tokens. Wormhole message #1 → chain 5. Recipient: [222, 173, 190, 239, 222, 173, 190, 239, 222, 173, 190, 239, 222, 173, 190, 239, 222, 173, 190, 239]
    Program 2sAka7jCkP71LbKk1MpELxFpjSHjScQk1aStrDt4Pnnf consumed 22442 of 200000 compute units
    Program 2sAka7jCkP71LbKk1MpELxFpjSHjScQk1aStrDt4Pnnf success
Transaction executed in slot 26:
  Signature: 62WXdzBi2VguAXrFntebPakk8ND2Xtrfj2PcENAbLTrQCFXiVkYkXfFctFexHknqM7iyMsRooBW18s39Frba4hnv
  Status: Ok
  Log Messages:
    Program 2sAka7jCkP71LbKk1MpELxFpjSHjScQk1aStrDt4Pnnf invoke [1]
    Program log: Instruction: BurnAndBridge
    Program TokenkegQfeZyiNwAJbNbGKPFXCWuBvf9Ss623VQ5DA invoke [2]
    Program log: Instruction: Burn
    Program TokenkegQfeZyiNwAJbNbGKPFXCWuBvf9Ss623VQ5DA consumed 4707 of 189979 compute units
    Program TokenkegQfeZyiNwAJbNbGKPFXCWuBvf9Ss623VQ5DA success
    Program data: H4SNbQYvmlQCAAAAAAAAAOUPA7optY/qOYECqSkhJ7dlu38qxGR8EC5AxQo/HO/NgQNPEw8jl6oP17/rB1GBqvvMGkOJDVzEO3Nq039VQTjerb7v3q2+796tvu/erb7v3q2+7wAQpdToAAAAAABEfEUCGLMFKaLCI7CxEt7ZzQqLTuKdrnZw9isq+EtDECA=
    Program log: Burned 1000000000000 tokens. Wormhole message #2 → chain 0. Recipient: [222, 173, 190, 239, 222, 173, 190, 239, 222, 173, 190, 239, 222, 173, 190, 239, 222, 173, 190, 239]
    Program 2sAka7jCkP71LbKk1MpELxFpjSHjScQk1aStrDt4Pnnf consumed 22427 of 200000 compute units
    Program 2sAka7jCkP71LbKk1MpELxFpjSHjScQk1aStrDt4Pnnf success
Transaction executed in slot 27:
  Signature: 3x4f8YiABRiTqTCc2SwzPKpFSiycGFDzrFccSPNGHDDLQ8WLV9SrPDkHMFWkGj4MDrY2j63c9pmFAaLvwZuhqyav
  Status: Ok
  Log Messages:
    Program 2sAka7jCkP71LbKk1MpELxFpjSHjScQk1aStrDt4Pnnf invoke [1]
    Program log: Instruction: BurnAndBridge
    Program 11111111111111111111111111111111 invoke [2]
    Program 11111111111111111111111111111111 success
    Program TokenkegQfeZyiNwAJbNbGKPFXCWuBvf9Ss623VQ5DA invoke [2]
    Program log: Instruction: Burn
    Program TokenkegQfeZyiNwAJbNbGKPFXCWuBvf9Ss623VQ5DA consumed 4707 of 185603 compute units
    Program TokenkegQfeZyiNwAJbNbGKPFXCWuBvf9Ss623VQ5DA success
    Program data: H4SNbQYvmlQAAAAAAAAAAOUPA7optY/qOYECqSkhJ7dlu38qxGR8EC5AxQo/HO/NCJylziz9Cu2k9PnYIztal0Td7zoiB2/Z+oL46QmJPh3erb7v3q2+796tvu/erb7v3q2+7wDodkgXAAAAHgCekpkKSjbf8AxbdlNZhsQJfWaEORiAq4Fo1HZh55dt6wE=
    Program log: Burned 100000000000 tokens. Wormhole message #0 → chain 30. Recipient: [222, 173, 190, 239, 222, 173, 190, 239, 222, 173, 190, 239, 222, 173, 190, 239, 222, 173, 190, 239]
    Program 2sAka7jCkP71LbKk1MpELxFpjSHjScQk1aStrDt4Pnnf consumed 26799 of 200000 compute units
    Program 2sAka7jCkP71LbKk1MpELxFpjSHjScQk1aStrDt4Pnnf success
Transaction executed in slot 28:
  Signature: 4fj5kMCS2XY3Lg8peJhgiiZDV2VxaCRRGAn9RogUnPnk3zDh8twof1W2ktkYKHP74XmgA5TDCbfZ2qS8Jwe6xZRN
  Status: Ok
  Log Messages:
    Program 2sAka7jCkP71LbKk1MpELxFpjSHjScQk1aStrDt4Pnnf invoke [1]
    Program log: Instruction: UpdateReceivers
    Program log: EVM receivers updated
    Program 2sAka7jCkP71LbKk1MpELxFpjSHjScQk1aStrDt4Pnnf consumed 5247 of 200000 compute units
    Program 2sAka7jCkP71LbKk1MpELxFpjSHjScQk1aStrDt4Pnnf success
Transaction executed in slot 28:
  Signature: 2Y5yhfBnbxrtT8PfAVuxcpEt5t8PXi9GqQkZjKxmXuysnHoYxcQdNxJP9DWV8DbPs4VtY9FbsouTQT2yKiJHPP83
  Status: Ok
  Log Messages:
    Program 2sAka7jCkP71LbKk1MpELxFpjSHjScQk1aStrDt4Pnnf invoke [1]
    Program log: Instruction: UpdateReceivers
    Program log: EVM receivers updated
    Program 2sAka7jCkP71LbKk1MpELxFpjSHjScQk1aStrDt4Pnnf consumed 5115 of 200000 compute units
    Program 2sAka7jCkP71LbKk1MpELxFpjSHjScQk1aStrDt4Pnnf success
Transaction executed in slot 29:
  Signature: 2Y5yhfBnbxrtT8PfAVuxcpEt5t8PXi9GqQkZjKxmXuysnHoYxcQdNxJP9DWV8DbPs4VtY9FbsouTQT2yKiJHPP83
  Status: Ok
  Log Messages:
    Program 2sAka7jCkP71LbKk1MpELxFpjSHjScQk1aStrDt4Pnnf invoke [1]
    Program log: Instruction: UpdateReceivers
    Program log: EVM receivers updated
    Program 2sAka7jCkP71LbKk1MpELxFpjSHjScQk1aStrDt4Pnnf consumed 5115 of 200000 compute units
    Program 2sAka7jCkP71LbKk1MpELxFpjSHjScQk1aStrDt4Pnnf success
Transaction executed in slot 29:
  Signature: 4wtow3i2WNmiXqH8kq9YSEhRPUyMpFUkhEU3nexqkSqtWdyo2m6VnX9WFzqSgeN8R5TqrYE71n3g5UQzzzcLrbpi
  Status: Error processing Instruction 0: custom program error: 0x1775
  Log Messages:
    Program 2sAka7jCkP71LbKk1MpELxFpjSHjScQk1aStrDt4Pnnf invoke [1]
    Program log: Instruction: UpdateReceivers
    Program log: AnchorError caused by account: config. Error Code: Unauthorized. Error Number: 6005. Error Message: Unauthorized: only the bridge authority can call this..
    Program 2sAka7jCkP71LbKk1MpELxFpjSHjScQk1aStrDt4Pnnf consumed 5004 of 200000 compute units
    Program 2sAka7jCkP71LbKk1MpELxFpjSHjScQk1aStrDt4Pnnf failed: custom program error: 0x1775
Transaction executed in slot 29:
  Signature: sE8pMfLpbAiV8vFpe3SLLXxGh4PoSvB9Q6fUK1kL1V1E7AW7z2WZZUA3H6YExskNoxpHGKJowHQGmRusTArvA2B
  Status: Error processing Instruction 0: custom program error: 0x1776
  Log Messages:
    Program 2sAka7jCkP71LbKk1MpELxFpjSHjScQk1aStrDt4Pnnf invoke [1]
    Program log: Instruction: UpdateReceivers
    Program log: AnchorError thrown in programs/token-burn-bridge/src/lib.rs:207. Error Code: TooManyReceivers. Error Number: 6006. Error Message: Too many EVM receivers. Maximum is 10..
    Program 2sAka7jCkP71LbKk1MpELxFpjSHjScQk1aStrDt4Pnnf consumed 5602 of 200000 compute units
    Program 2sAka7jCkP71LbKk1MpELxFpjSHjScQk1aStrDt4Pnnf failed: custom program error: 0x1776
Transaction executed in slot 30:
  Signature: 4auBqasAZzdZpEypXubVJs1LEyLBwMVbqBiJKh8MEyMJMNfvsEYFNyUU6ZRMPsJwWbesuk8tykqHZVD96z5RFjUM
  Status: Ok
  Log Messages:
    Program 2sAka7jCkP71LbKk1MpELxFpjSHjScQk1aStrDt4Pnnf invoke [1]
    Program log: Instruction: UpdateReceivers
    Program log: EVM receivers updated
    Program 2sAka7jCkP71LbKk1MpELxFpjSHjScQk1aStrDt4Pnnf consumed 5053 of 200000 compute units
    Program 2sAka7jCkP71LbKk1MpELxFpjSHjScQk1aStrDt4Pnnf success
Transaction executed in slot 31:
  Signature: 3zrDiokbYbmXaDoPBfaPG29PSq8efYLarsArEbwQ9vWWhJs5625tDfthbaFkxvsqEjRcyAnkA2DiciESLgwbiwqC
  Status: Ok
  Log Messages:
    Program 2sAka7jCkP71LbKk1MpELxFpjSHjScQk1aStrDt4Pnnf invoke [1]
    Program log: Instruction: BurnAndBridge
    Program TokenkegQfeZyiNwAJbNbGKPFXCWuBvf9Ss623VQ5DA invoke [2]
    Program log: Instruction: Burn
    Program TokenkegQfeZyiNwAJbNbGKPFXCWuBvf9Ss623VQ5DA consumed 4707 of 188462 compute units
    Program TokenkegQfeZyiNwAJbNbGKPFXCWuBvf9Ss623VQ5DA success
    Program data: H4SNbQYvmlQBAAAAAAAAAOUPA7optY/qOYECqSkhJ7dlu38qxGR8EC5AxQo/HO/NCJylziz9Cu2k9PnYIztal0Td7zoiB2/Z+oL46QmJPh3K/rq+yv66vsr+ur7K/rq+yv66vgDodkgXAAAABABTFpraPk31qliCkk1UoSWwwKfZXpgHQxRlqnC9SkioqQE=
    Program log: Burned 100000000000 tokens. Wormhole message #1 → chain 4. Recipient: [202, 254, 186, 190, 202, 254, 186, 190, 202, 254, 186, 190, 202, 254, 186, 190, 202, 254, 186, 190]
    Program 2sAka7jCkP71LbKk1MpELxFpjSHjScQk1aStrDt4Pnnf consumed 23935 of 200000 compute units
    Program 2sAka7jCkP71LbKk1MpELxFpjSHjScQk1aStrDt4Pnnf success
Transaction executed in slot 32:
  Signature: 52GYySG1822WqkmppUF8God8GtNnNpwRCT9ZgBEZQFkUFhcP6XDCep1uzjKjBWU63Nr9vPDW2xHATJyKcxE62opH
  Status: Ok
  Log Messages:
    Program 2sAka7jCkP71LbKk1MpELxFpjSHjScQk1aStrDt4Pnnf invoke [1]
    Program log: Instruction: BurnAndBridge
    Program TokenkegQfeZyiNwAJbNbGKPFXCWuBvf9Ss623VQ5DA invoke [2]
    Program log: Instruction: Burn
    Program TokenkegQfeZyiNwAJbNbGKPFXCWuBvf9Ss623VQ5DA consumed 4707 of 188479 compute units
    Program TokenkegQfeZyiNwAJbNbGKPFXCWuBvf9Ss623VQ5DA success
    Program data: H4SNbQYvmlQCAAAAAAAAAOUPA7optY/qOYECqSkhJ7dlu38qxGR8EC5AxQo/HO/NCJylziz9Cu2k9PnYIztal0Td7zoiB2/Z+oL46QmJPh3K/rq+yv66vsr+ur7K/rq+yv66vgAQpdToAAAAAADXpdQgnkhm1+rxd6K+UJHO2ECLArSPxTjvfBx0TMb4MCA=
    Program log: Burned 1000000000000 tokens. Wormhole message #2 → chain 0. Recipient: [202, 254, 186, 190, 202, 254, 186, 190, 202, 254, 186, 190, 202, 254, 186, 190, 202, 254, 186, 190]
    Program 2sAka7jCkP71LbKk1MpELxFpjSHjScQk1aStrDt4Pnnf consumed 23927 of 200000 compute units
    Program 2sAka7jCkP71LbKk1MpELxFpjSHjScQk1aStrDt4Pnnf success
